[2019-12-20T18:07:31.031Z] [org.springframework.boot.StartupInfoLogger] [main] [48] [INFO ] Starting ClaimApp on BLRIDC52035009 with PID 28060 (C:\Users\52035009\git\SpringBootMicroservices\Claim-Api\target\classes started by 52035009 in C:\Users\52035009\git\SpringBootMicroservices\Claim-Api)
[2019-12-20T18:07:31.031Z] [org.springframework.boot.SpringApplication] [main] [661] [INFO ] No active profile set, falling back to default profiles: default
[2019-12-20T18:07:31.031Z] [org.springframework.context.support.AbstractApplicationContext] [main] [582] [INFO ] Refreshing org.springframework.boot.context.embedded.AnnotationConfigEmbeddedWebApplicationContext@6c64cb25: startup date [Fri Dec 20 18:07:31 IST 2019]; root of context hierarchy
[2019-12-20T18:07:31.031Z] [org.hibernate.validator.internal.util.Version] [background-preinit] [30] [INFO ] HV000001: Hibernate Validator 5.2.4.Final
[2019-12-20T18:07:33.033Z] [org.xnio.Xnio] [main] [99] [INFO ] XNIO version 3.3.6.Final
[2019-12-20T18:07:33.033Z] [org.xnio.nio.NioXnio] [main] [55] [INFO ] XNIO NIO Implementation Version 3.3.6.Final
[2019-12-20T18:07:33.033Z] [io.undertow.websockets.jsr.Bootstrap] [main] [67] [WARN ] UT026009: XNIO worker was not set on WebSocketDeploymentInfo, the default worker will be used
[2019-12-20T18:07:33.033Z] [io.undertow.websockets.jsr.Bootstrap] [main] [76] [WARN ] UT026010: Buffer pool was not set on WebSocketDeploymentInfo, the default pool will be used
[2019-12-20T18:07:34.034Z] [io.undertow.servlet.spec.ServletContextImpl] [main] [313] [INFO ] Initializing Spring embedded WebApplicationContext
[2019-12-20T18:07:34.034Z] [org.springframework.boot.context.embedded.EmbeddedWebApplicationContext] [main] [276] [INFO ] Root WebApplicationContext: initialization completed in 2597 ms
[2019-12-20T18:07:34.034Z] [org.springframework.boot.web.servlet.ServletRegistrationBean] [main] [190] [INFO ] Mapping servlet: 'dispatcherServlet' to [/]
[2019-12-20T18:07:34.034Z] [org.springframework.boot.web.servlet.AbstractFilterRegistrationBean] [main] [258] [INFO ] Mapping filter: 'characterEncodingFilter' to: [/*]
[2019-12-20T18:07:34.034Z] [org.springframework.boot.web.servlet.AbstractFilterRegistrationBean] [main] [258] [INFO ] Mapping filter: 'hiddenHttpMethodFilter' to: [/*]
[2019-12-20T18:07:34.034Z] [org.springframework.boot.web.servlet.AbstractFilterRegistrationBean] [main] [258] [INFO ] Mapping filter: 'httpPutFormContentFilter' to: [/*]
[2019-12-20T18:07:34.034Z] [org.springframework.boot.web.servlet.AbstractFilterRegistrationBean] [main] [258] [INFO ] Mapping filter: 'requestContextFilter' to: [/*]
[2019-12-20T18:07:34.034Z] [org.springframework.web.servlet.mvc.method.annotation.RequestMappingHandlerAdapter] [main] [534] [INFO ] Looking for @ControllerAdvice: org.springframework.boot.context.embedded.AnnotationConfigEmbeddedWebApplicationContext@6c64cb25: startup date [Fri Dec 20 18:07:31 IST 2019]; root of context hierarchy
[2019-12-20T18:07:34.034Z] [org.springframework.web.servlet.handler.AbstractHandlerMethodMapping$MappingRegistry] [main] [543] [INFO ] Mapped "{[/updateClaimStatus/{tcnNumber}],methods=[PUT]}" onto public void com.conduent.claim.ClaimControll.updateClaimStatus(java.lang.String)
[2019-12-20T18:07:34.034Z] [org.springframework.web.servlet.handler.AbstractHandlerMethodMapping$MappingRegistry] [main] [543] [INFO ] Mapped "{[/addClaim],methods=[POST]}" onto public void com.conduent.claim.ClaimControll.addClaim(com.conduent.claim.bean.Claim)
[2019-12-20T18:07:34.034Z] [org.springframework.web.servlet.handler.AbstractHandlerMethodMapping$MappingRegistry] [main] [543] [INFO ] Mapped "{[/deleteClaimByTcn/{ByType}],methods=[DELETE]}" onto public void com.conduent.claim.ClaimControll.deleteClaimByTcn(java.lang.String)
[2019-12-20T18:07:34.034Z] [org.springframework.web.servlet.handler.AbstractHandlerMethodMapping$MappingRegistry] [main] [543] [INFO ] Mapped "{[/getClaims]}" onto public java.util.List<com.conduent.claim.bean.Claim> com.conduent.claim.ClaimControll.getClaims()
[2019-12-20T18:07:34.034Z] [org.springframework.web.servlet.handler.AbstractHandlerMethodMapping$MappingRegistry] [main] [543] [INFO ] Mapped "{[/getClaim/{tcnNumber}]}" onto public com.conduent.claim.bean.Claim com.conduent.claim.ClaimControll.getClaimByTcn(java.lang.String)
[2019-12-20T18:07:34.034Z] [org.springframework.web.servlet.handler.AbstractHandlerMethodMapping$MappingRegistry] [main] [543] [INFO ] Mapped "{[/addingNewProviderFromClaim]}" onto public void com.conduent.claim.ClaimControll.addingNewProviderFromClaim()
[2019-12-20T18:07:34.034Z] [org.springframework.web.servlet.handler.AbstractHandlerMethodMapping$MappingRegistry] [main] [543] [INFO ] Mapped "{[/getClaimsFulldataByTcn/{ByTcn}]}" onto public java.util.List<com.conduent.claim.bean.Claim> com.conduent.claim.ClaimControll.getClaimsFulldataByTcn(java.lang.String)
[2019-12-20T18:07:34.034Z] [org.springframework.web.servlet.handler.AbstractHandlerMethodMapping$MappingRegistry] [main] [543] [INFO ] Mapped "{[/error]}" onto public org.springframework.http.ResponseEntity<java.util.Map<java.lang.String, java.lang.Object>> org.springframework.boot.autoconfigure.web.BasicErrorController.error(javax.servlet.http.HttpServletRequest)
[2019-12-20T18:07:34.034Z] [org.springframework.web.servlet.handler.AbstractHandlerMethodMapping$MappingRegistry] [main] [543] [INFO ] Mapped "{[/error],produces=[text/html]}" onto public org.springframework.web.servlet.ModelAndView org.springframework.boot.autoconfigure.web.BasicErrorController.errorHtml(javax.servlet.http.HttpServletRequest,javax.servlet.http.HttpServletResponse)
[2019-12-20T18:07:34.034Z] [org.springframework.web.servlet.handler.AbstractUrlHandlerMapping] [main] [354] [INFO ] Mapped URL path [/webjars/**] onto handler of type [class org.springframework.web.servlet.resource.ResourceHttpRequestHandler]
[2019-12-20T18:07:34.034Z] [org.springframework.web.servlet.handler.AbstractUrlHandlerMapping] [main] [354] [INFO ] Mapped URL path [/**] onto handler of type [class org.springframework.web.servlet.resource.ResourceHttpRequestHandler]
[2019-12-20T18:07:34.034Z] [org.springframework.web.servlet.handler.AbstractUrlHandlerMapping] [main] [354] [INFO ] Mapped URL path [/**/favicon.ico] onto handler of type [class org.springframework.web.servlet.resource.ResourceHttpRequestHandler]
[2019-12-20T18:07:34.034Z] [org.springframework.jmx.export.MBeanExporter] [main] [431] [INFO ] Registering beans for JMX exposure on startup
[2019-12-20T18:07:35.035Z] [org.springframework.boot.context.embedded.undertow.UndertowEmbeddedServletContainer] [main] [214] [INFO ] Undertow started on port(s) 2020 (http)
[2019-12-20T18:07:35.035Z] [com.conduent.claim.ClaimApp] [main] [40] [INFO ] this is a info message
[2019-12-20T18:07:35.035Z] [com.conduent.claim.ClaimApp] [main] [41] [WARN ] this is a warn message
[2019-12-20T18:07:35.035Z] [com.conduent.claim.ClaimApp] [main] [42] [ERROR] this is a error message
[2019-12-20T18:07:35.035Z] [org.springframework.boot.StartupInfoLogger] [main] [57] [INFO ] Started ClaimApp in 4.177 seconds (JVM running for 5.247)
